app/build/outputs/mapping/release/mapping.txt
# compiler: R8
# compiler_version: 2.0.88
# min_api: 19
# pg_map_id: f798bf8
# common_typos_disable
com.prank.sexygirlcallprank.activity.-$$Lambda$ChatActivity$2aUfbJ8pZRUaTR7wczAwwecqasw -> sl:
    com.prank.sexygirlcallprank.activity.ChatActivity f$0 -> a
com.prank.sexygirlcallprank.activity.-$$Lambda$ChatActivity$C4018b$8Y__3cIkOjvaSdnB9jamnkfXNV0 -> tl:
    com.prank.sexygirlcallprank.activity.ChatActivity$C4018b f$0 -> a
com.prank.sexygirlcallprank.activity.-$$Lambda$ChatActivity$C4018b$DoFgvzcUdVZExeZDGZiCguvUIjY -> ul:
    com.prank.sexygirlcallprank.activity.ChatActivity$C4018b f$0 -> a
com.prank.sexygirlcallprank.activity.-$$Lambda$ChatActivity$C4018b$XvD59t08TSK4MLk0qFKYv47Vhts -> vl:
    com.prank.sexygirlcallprank.activity.ChatActivity$C4018b f$0 -> a
com.prank.sexygirlcallprank.activity.-$$Lambda$ExoPlayerActivity$afZxEulhr_bgsQaqkmBsn3E5Htc -> wl:
    com.prank.sexygirlcallprank.activity.ExoPlayerActivity f$0 -> a
com.prank.sexygirlcallprank.activity.-$$Lambda$ExoPlayerActivity$qI5jce3UkMpGT-LhIunxgaSSgMk -> xl:
    com.prank.sexygirlcallprank.activity.ExoPlayerActivity f$0 -> a
com.prank.sexygirlcallprank.activity.-$$Lambda$MainActivity$HTFnlgN_EfA94OJhagMz8i3T624 -> yl:
    com.prank.sexygirlcallprank.activity.MainActivity f$0 -> a
com.prank.sexygirlcallprank.activity.-$$Lambda$MainActivity$UJMNiyvKoazcmd3JIT7j-Ee7bGc -> zl:
    com.prank.sexygirlcallprank.activity.MainActivity f$0 -> a
com.prank.sexygirlcallprank.activity.-$$Lambda$SplashActivity$hRz5VSKfv7XwW9nCQYsotpvZH1U -> am:
    com.prank.sexygirlcallprank.activity.SplashActivity f$0 -> a
com.prank.sexygirlcallprank.activity.-$$Lambda$Uysdegl2kFeivPlFR8sOl4K7laE -> bm:
    com.prank.sexygirlcallprank.activity.ExoPlayerActivity f$0 -> a
com.prank.sexygirlcallprank.activity.ChatActivity -> com.prank.sexygirlcallprank.activity.ChatActivity:
    void lambda$onCreate$0(android.view.View) -> a
    void loadFullscreenAd() -> b
    void setupProfile() -> c
    1:1:void changeStatusBarColor():0:0 -> onCreate
    1:1:void onCreate(android.os.Bundle):0 -> onCreate
    2:2:void onCreate(android.os.Bundle):0:0 -> onCreate
com.prank.sexygirlcallprank.activity.ChatActivity$1 -> com.prank.sexygirlcallprank.activity.ChatActivity$1:
    1:1:com.kaopiz.kprogresshud.KProgressHUD com.kaopiz.kprogresshud.KProgressHUD.create(android.content.Context):0:0 -> onAdLoaded
    1:1:void onAdLoaded(com.facebook.ads.Ad):0 -> onAdLoaded
    2:2:void onAdLoaded(com.facebook.ads.Ad):0:0 -> onAdLoaded
    3:3:com.kaopiz.kprogresshud.KProgressHUD com.kaopiz.kprogresshud.KProgressHUD.setCancellable(boolean):0:0 -> onAdLoaded
    3:3:void onAdLoaded(com.facebook.ads.Ad):0 -> onAdLoaded
    4:4:com.kaopiz.kprogresshud.KProgressHUD com.kaopiz.kprogresshud.KProgressHUD.setAnimationSpeed(int):0:0 -> onAdLoaded
    4:4:void onAdLoaded(com.facebook.ads.Ad):0 -> onAdLoaded
    5:5:com.kaopiz.kprogresshud.KProgressHUD com.kaopiz.kprogresshud.KProgressHUD.setDimAmount(float):0:0 -> onAdLoaded
    5:5:void onAdLoaded(com.facebook.ads.Ad):0 -> onAdLoaded
    6:6:void onAdLoaded(com.facebook.ads.Ad):0:0 -> onAdLoaded
    7:7:com.kaopiz.kprogresshud.KProgressHUD com.prank.sexygirlcallprank.activity.ChatActivity.access$102(com.prank.sexygirlcallprank.activity.ChatActivity,com.kaopiz.kprogresshud.KProgressHUD):0:0 -> onAdLoaded
    7:7:void onAdLoaded(com.facebook.ads.Ad):0 -> onAdLoaded
    8:8:void onAdLoaded(com.facebook.ads.Ad):0:0 -> onAdLoaded
com.prank.sexygirlcallprank.activity.ChatActivity$1$1 -> com.prank.sexygirlcallprank.activity.ChatActivity$1$1:
    1:1:com.kaopiz.kprogresshud.KProgressHUD com.prank.sexygirlcallprank.activity.ChatActivity.access$100(com.prank.sexygirlcallprank.activity.ChatActivity):0:0 -> run
    1:1:void run():0 -> run
    2:2:void run():0:0 -> run
    3:3:void com.prank.sexygirlcallprank.activity.ChatActivity.showFullScreenAds():0:0 -> run
    3:3:void run():0 -> run
...
com.bumptech.glide.load.model.Headers -> a4:
    com.bumptech.glide.load.model.Headers DEFAULT -> a
    1:1:com.bumptech.glide.load.model.LazyHeaders com.bumptech.glide.load.model.LazyHeaders$Builder.build():0:0 -> <clinit>
    1:1:void <clinit>():0 -> <clinit>
    2:2:void <clinit>():0:0 -> <clinit>
    java.util.Map getHeaders() -> a
com.bumptech.glide.load.model.LazyHeaderFactory -> b4:
    java.lang.String buildHeader() -> a
com.bumptech.glide.load.model.LazyHeaders -> c4:
    java.util.Map headers -> b
    java.util.Map combinedHeaders -> c
    java.util.Map getHeaders() -> a
    1:1:java.lang.String buildHeaderValue(java.util.List):0:0 -> b
    1:1:java.util.Map generateHeaders():0 -> b
    2:2:java.util.Map generateHeaders():0:0 -> b
com.bumptech.glide.load.model.LazyHeaders$Builder -> c4$a:
    java.util.Map headers -> a
    java.util.Map DEFAULT_HEADERS -> c
    java.lang.String DEFAULT_USER_AGENT -> b
    1:1:java.lang.String getSanitizedUserAgent():0:0 -> <clinit>
    1:1:void <clinit>():0 -> <clinit>
    2:2:void <clinit>():0:0 -> <clinit>
com.bumptech.glide.load.model.LazyHeaders$StringHeaderFactory -> c4$b:
    java.lang.String value -> a
    java.lang.String buildHeader() -> a
com.bumptech.glide.load.model.MediaStoreFileLoader -> d4:
    android.content.Context context -> a
    1:1:boolean handles(android.net.Uri):0:0 -> a
    1:1:boolean handles(java.lang.Object):0 -> a
    1:1:com.bumptech.glide.load.model.ModelLoader$LoadData buildLoadData(android.net.Uri,int,int,com.bumptech.glide.load.Options):0:0 -> b
    1:1:com.bumptech.glide.load.model.ModelLoader$LoadData buildLoadData(java.lang.Object,int,int,com.bumptech.glide.load.Options):0 -> b
com.bumptech.glide.load.model.MediaStoreFileLoader$Factory -> d4$a:
    android.content.Context context -> a
    com.bumptech.glide.load.model.ModelLoader build(com.bumptech.glide.load.model.MultiModelLoaderFactory) -> b
com.bumptech.glide.load.model.MediaStoreFileLoader$FilePathFetcher -> d4$b:
    android.content.Context context -> a
    java.lang.String[] PROJECTION -> c
    android.net.Uri uri -> b
    java.lang.Class getDataClass() -> a
    void cleanup() -> b
    com.bumptech.glide.load.DataSource getDataSource() -> d
    void loadData(com.bumptech.glide.Priority,com.bumptech.glide.load.data.DataFetcher$DataCallback) -> e
com.bumptech.glide.load.model.Model -> e4:
    boolean isEquivalentTo(java.lang.Object) -> a
com.bumptech.glide.load.model.ModelCache -> f4:
    com.bumptech.glide.util.LruCache cache -> a
com.bumptech.glide.load.model.ModelCache$1 -> f4$a:
    1:1:void com.bumptech.glide.load.model.ModelCache$ModelKey.release():0:0 -> c
    1:1:void onItemEvicted(com.bumptech.glide.load.model.ModelCache$ModelKey,java.lang.Object):0 -> c
    1:1:void onItemEvicted(java.lang.Object,java.lang.Object):0 -> c
com.bumptech.glide.load.model.ModelCache$ModelKey -> f4$b:
    java.util.Queue KEY_QUEUE -> d
    java.lang.Object model -> c
    int width -> b
    int height -> a
    1:1:void init(java.lang.Object,int,int):0:0 -> a
    1:1:com.bumptech.glide.load.model.ModelCache$ModelKey get(java.lang.Object,int,int):0 -> a
    2:2:com.bumptech.glide.load.model.ModelCache$ModelKey get(java.lang.Object,int,int):0:0 -> a
com.bumptech.glide.load.model.ModelLoader -> g4:
    boolean handles(java.lang.Object) -> a
    com.bumptech.glide.load.model.ModelLoader$LoadData buildLoadData(java.lang.Object,int,int,com.bumptech.glide.load.Options) -> b