app/build/outputs/mapping/release/usage.txt
com.prank.sexygirlcallprank.constant.ConstantMethod:
    public static java.lang.String capitalizeFirstLetter(java.lang.String)
com.prank.sexygirlcallprank.helper.Prefs:
    public static void initPrefs(android.content.Context)
    public static java.util.Map getAll()
    public static int getInt(java.lang.String,int)
    public static int getInt(java.lang.String)
    public static boolean getBoolean(java.lang.String)
    public static long getLong(java.lang.String,long)
    public static long getLong(java.lang.String)
    public static double getDouble(java.lang.String,double)
    public static double getDouble(java.lang.String)
    public static float getFloat(java.lang.String,float)
    public static float getFloat(java.lang.String)
    public static java.lang.String getString(java.lang.String)
    public static java.util.Set getStringSet(java.lang.String,java.util.Set)
    public static java.util.Set getOrderedStringSet(java.lang.String,java.util.Set)
    public static void putLong(java.lang.String,long)
    public static void putInt(java.lang.String,int)
    public static void putDouble(java.lang.String,double)
    public static void putFloat(java.lang.String,float)
    public static void putStringSet(java.lang.String,java.util.Set)
    public static void putOrderedStringSet(java.lang.String,java.util.Set)
    public static boolean contains(java.lang.String)
    public static android.content.SharedPreferences$Editor clear()
    public static android.content.SharedPreferences$Editor edit()
com.prank.sexygirlcallprank.constant.CustomViewPager:
    public void <init>(android.content.Context)
com.prank.sexygirlcallprank.model.GirlsList:
    public void setContact(java.lang.String)
    public void setId(java.lang.String)
    public void setName(java.lang.String)
    public void setAvatar(int)
    public void setVideo(int)
com.prank.sexygirlcallprank.model.Feedback:
    public java.lang.String getEmail()
    public java.lang.String getFeedback()
com.prank.sexygirlcallprank.constant.ConstantMethod:
    public static void <clinit>()
com.prank.sexygirlcallprank.fragment.MyContactsFragment:
    public java.util.ArrayList getSelectedCelebrityList()
    public final void setupData()
    public final boolean checkPermission()
    public final void showPermissionAlert(java.lang.String[])
com.prank.sexygirlcallprank.activity.ChatActivity:
    public static synthetic android.widget.TextView access$000(com.prank.sexygirlcallprank.activity.ChatActivity)
    public static synthetic com.kaopiz.kprogresshud.KProgressHUD access$102(com.prank.sexygirlcallprank.activity.ChatActivity,com.kaopiz.kprogresshud.KProgressHUD)
    public static synthetic com.kaopiz.kprogresshud.KProgressHUD access$100(com.prank.sexygirlcallprank.activity.ChatActivity)
    public void showFullScreenAds()
    public final void mo11669c(java.lang.String)
    public final void mo11668b(java.lang.String)
    public final void changeStatusBarColor()
com.prank.sexygirlcallprank.activity.SplashActivity:
    public final void changeStatusBarColor()
    public final void setupData()
    public final void checkService()
com.prank.sexygirlcallprank.activity.ProfileActivity:
    public static synthetic com.kaopiz.kprogresshud.KProgressHUD access$002(com.prank.sexygirlcallprank.activity.ProfileActivity,com.kaopiz.kprogresshud.KProgressHUD)
    public static synthetic com.kaopiz.kprogresshud.KProgressHUD access$000(com.prank.sexygirlcallprank.activity.ProfileActivity)
    public void showFullScreenAds()
    public final void changeStatusBarColor()
    public final void showBannerAd()
com.prank.sexygirlcallprank.activity.ExoPlayerActivity:
    public final void changeStatusBarColor()
    public final void buildMediaSource(int)
    public final void initializePlayer()
    public final void releasePlayer()
    public final void resumePlayer()
    public final void showBannerAd()
...
kotlin.text.StringsKt___StringsKt$windowedSequence$2
android.support.v4.media.session.MediaControllerCompatApi23$TransportControls
kotlin.ranges.UIntProgressionIterator
com.bumptech.glide.util.pool.StateVerifier:
    private static final boolean DEBUG
kotlin.TypeCastException
com.bumptech.glide.load.model.stream.MediaStoreVideoThumbLoader$Factory:
    public void teardown()
kotlin.jvm.internal.TypeReference$WhenMappings
com.otaliastudios.cameraview.CameraView$1
kotlin.io.LinesSequence
kotlin.text.CharsKt__CharKt
kotlin.sequences.SequencesKt___SequencesKt$minus$2
okio.DeflaterSink
android.support.v4.media.session.MediaSessionCompatApi23
com.otaliastudios.cameraview.picture.SnapshotGlPictureRecorder$2
kotlin.ULongArrayKt
kotlin.coroutines.CoroutineContext$Element$DefaultImpls
com.bumptech.glide.request.transition.ViewPropertyTransition$Animator
kotlin.collections.MapsKt___MapsKt
kotlin.sequences.IndexingSequence$iterator$1
kotlin.reflect.KParameter
kotlin.collections.SlidingWindowKt$windowedSequence$$inlined$Sequence$1
android.support.v4.media.MediaBrowserCompat$MediaBrowserImplApi21:
    public boolean isConnected()
    public android.content.ComponentName getServiceComponent()
    public java.lang.String getRoot()
    public android.os.Bundle getExtras()
    public void subscribe(java.lang.String,android.os.Bundle,android.support.v4.media.MediaBrowserCompat$SubscriptionCallback)
    public void unsubscribe(java.lang.String,android.support.v4.media.MediaBrowserCompat$SubscriptionCallback)
    public void getItem(java.lang.String,android.support.v4.media.MediaBrowserCompat$ItemCallback)
    public void search(java.lang.String,android.os.Bundle,android.support.v4.media.MediaBrowserCompat$SearchCallback)
    public void sendCustomAction(java.lang.String,android.os.Bundle,android.support.v4.media.MediaBrowserCompat$CustomActionCallback)
    public android.os.Bundle getNotifyChildrenChangedOptions()
android.support.v4.media.session.IMediaSession$Stub$Proxy:
    public java.lang.String getInterfaceDescriptor()
    public void sendCommand(java.lang.String,android.os.Bundle,android.support.v4.media.session.MediaSessionCompat$ResultReceiverWrapper)
    public void unregisterCallbackListener(android.support.v4.media.session.IMediaControllerCallback)
    public boolean isTransportControlEnabled()
    public java.lang.String getPackageName()
    public java.lang.String getTag()
    public android.app.PendingIntent getLaunchPendingIntent()
    public long getFlags()
    public android.support.v4.media.session.ParcelableVolumeInfo getVolumeAttributes()
    public void adjustVolume(int,int,java.lang.String)
    public void setVolumeTo(int,int,java.lang.String)
    public android.support.v4.media.MediaMetadataCompat getMetadata()
    public android.support.v4.media.session.PlaybackStateCompat getPlaybackState()
    public java.util.List getQueue()
    public java.lang.CharSequence getQueueTitle()
    public android.os.Bundle getExtras()
    public int getRatingType()
    public boolean isCaptioningEnabled()
    public int getRepeatMode()
    public boolean isShuffleModeEnabledRemoved()
    public int getShuffleMode()
    public void addQueueItem(android.support.v4.media.MediaDescriptionCompat)
    public void addQueueItemAt(android.support.v4.media.MediaDescriptionCompat,int)
    public void removeQueueItem(android.support.v4.media.MediaDescriptionCompat)
kotlin.time.TimeSourcesKt
com.otaliastudios.opengl.core.EglContextFactory$Factory
com.otaliastudios.cameraview.filters.AutoFixFilter
com.otaliastudios.cameraview.video.encoding.MediaEncoderEngine$Controller$1
com.otaliastudios.opengl.program.GlNativeFlatProgram$Companion
kotlin.collections.SlidingWindowKt
kotlin.internal.PlatformImplementations$ReflectThrowable
com.bumptech.glide.load.engine.cache.DiskLruCacheFactory$1
kotlin.comparisons.ComparisonsKt__ComparisonsKt$thenBy$2
kotlin.comparisons.ComparisonsKt__ComparisonsKt$then$1